<?xml version="1.0" encoding="UTF-8"?>
<!-- Generated by org.testng.reporters.JUnitReportReporter -->
<testsuite hostname="Alex_comp" name="com.example.tests.ALSOGroupCreationTests" tests="2" failures="0" timestamp="6 Sep 2015 13:03:58 GMT" time="2.819" errors="0">
  <testcase name="testEmptyGroupCreation" time="1.298" classname="com.example.tests.ALSOGroupCreationTests"/>
  <testcase name="testNonEmptyGroupCreation" time="1.521" classname="com.example.tests.ALSOGroupCreationTests"/>
</testsuite> <!-- com.example.tests.ALSOGroupCreationTests -->
