<?xml version="1.0" encoding="UTF-8"?>
<!-- Generated by org.testng.reporters.JUnitReportReporter -->
<testsuite hostname="Alex_comp" name="com.example.tests.ALSOGroupCreationTests" tests="2" failures="0" timestamp="31 Aug 2015 17:36:23 GMT" time="3.349" errors="0">
  <testcase name="testEmptyGroupCreation" time="1.413" classname="com.example.tests.ALSOGroupCreationTests"/>
  <testcase name="testNonEmptyGroupCreation" time="1.936" classname="com.example.tests.ALSOGroupCreationTests"/>
</testsuite> <!-- com.example.tests.ALSOGroupCreationTests -->
