<?xml version="1.0" encoding="UTF-8"?>
<!-- Generated by org.testng.reporters.JUnitReportReporter -->
<testsuite hostname="Alex_comp" name="com.example.tests.GroupCreationTests" tests="2" failures="0" timestamp="6 Sep 2015 13:03:58 GMT" time="7.000" errors="0">
  <testcase name="testEmptyGroupCreation" time="4.447" classname="com.example.tests.GroupCreationTests"/>
  <testcase name="testNonEmptyGroupCreation" time="2.553" classname="com.example.tests.GroupCreationTests"/>
</testsuite> <!-- com.example.tests.GroupCreationTests -->
