<?xml version="1.0" encoding="UTF-8"?>
<!-- Generated by org.testng.reporters.JUnitReportReporter -->
<testsuite hostname="Alex_comp" name="com.example.tests.GroupCreationTests" tests="2" failures="0" timestamp="31 Aug 2015 17:36:23 GMT" time="37.537" errors="0">
  <testcase name="testEmptyGroupCreation" time="34.297" classname="com.example.tests.GroupCreationTests"/>
  <testcase name="testNonEmptyGroupCreation" time="3.240" classname="com.example.tests.GroupCreationTests"/>
</testsuite> <!-- com.example.tests.GroupCreationTests -->
